build/app/intermediates/manifest_merge_blame_file/release/manifest-merger-blame-release-report.txt
1<?xml version="1.0" encoding="utf-8"?>
2<manifest xmlns:android="http://schemas.android.com/apk/res/android"
3    package="com.eatop_user"
4    android:versionCode="9"
5    android:versionName="3.0.0" >
6
7    <uses-sdk
8        android:minSdkVersion="21"
8-->src\main\AndroidManifest.xml
9        android:targetSdkVersion="33" />
9-->src\main\AndroidManifest.xml
10
11    <uses-permission android:name="android.permission.INTERNET" />
11-->src\main\AndroidManifest.xml:4:5-67
11-->src\main\AndroidManifest.xml:4:22-64
12    <uses-permission android:name="android.permission.WRITE_EXTERNAL_STORAGE" />
12-->src\main\AndroidManifest.xml:5:5-81
12-->src\main\AndroidManifest.xml:5:22-78
13    <uses-permission android:name="android.permission.ACCESS_FINE_LOCATION" />
13-->src\main\AndroidManifest.xml:6:5-79
13-->src\main\AndroidManifest.xml:6:22-76
14    <uses-permission
14-->src\main\AndroidManifest.xml:7:5-80
15        android:name="android.permission.READ_EXTERNAL_STORAGE"
15-->src\main\AndroidManifest.xml:7:22-77
16        android:maxSdkVersion="32" />
16-->[:open_filex] AndroidManifest.xml:10:9-35
17    <uses-permission android:name="android.permission.ACCESS_COARSE_LOCATION" />
17-->src\main\AndroidManifest.xml:8:5-81
17-->src\main\AndroidManifest.xml:8:22-78
18    <uses-permission android:name="android.permission.RECORD_AUDIO" />
18-->src\main\AndroidManifest.xml:9:5-71
18-->src\main\AndroidManifest.xml:9:22-68
19    <uses-permission android:name="android.permission.WAKE_LOCK" />
19-->src\main\AndroidManifest.xml:10:8-71
19-->src\main\AndroidManifest.xml:10:25-68
20    <uses-permission android:name="android.permission.VIBRATE" />
20-->src\main\AndroidManifest.xml:11:5-66
20-->src\main\AndroidManifest.xml:11:22-63
21
22    <queries>
22-->src\main\AndroidManifest.xml:13:5-17:15
23        <intent>
23-->src\main\AndroidManifest.xml:14:9-16:18
24            <action android:name="android.speech.RecognitionService" />
24-->src\main\AndroidManifest.xml:15:13-72
24-->src\main\AndroidManifest.xml:15:21-69
25        </intent>
26        <intent>
26-->[:file_picker] AndroidManifest.xml:10:9-14:18
27            <action android:name="android.intent.action.GET_CONTENT" />
27-->[:file_picker] AndroidManifest.xml:11:13-72
27-->[:file_picker] AndroidManifest.xml:11:21-69
28
29            <data android:mimeType="*/*" />
29-->[:file_picker] AndroidManifest.xml:13:13-44
29-->[:file_picker] AndroidManifest.xml:13:19-41
30        </intent>
31        <intent>
31-->[:flutter_inappwebview] AndroidManifest.xml:8:9-10:18
32            <action android:name="android.support.customtabs.action.CustomTabsService" />
32-->[:flutter_inappwebview] AndroidManifest.xml:9:13-90
32-->[:flutter_inappwebview] AndroidManifest.xml:9:21-87
33        </intent> <!-- Added to check if Chrome is installed for browser-based payment authentication (e.g. 3DS1). -->
34        <package android:name="com.android.chrome" /> <!-- Specific apps you interact with, eg: -->
34-->[com.stripe:payments-core:16.10.0] AndroidManifest.xml:13:9-54
34-->[com.stripe:payments-core:16.10.0] AndroidManifest.xml:13:18-51
35        <package android:name="com.paytm.pgsdk.TransactionManager.PAYTM_APP_PACKAGE" />
35-->[com.paytm.appinvokesdk:appinvokesdk:1.6.4] AndroidManifest.xml:12:9-88
35-->[com.paytm.appinvokesdk:appinvokesdk:1.6.4] AndroidManifest.xml:12:18-85
36        <!--
37             Specific intents you query for,
38             eg: for a custom share UI
39        -->
40        <intent>
40-->[com.paytm.appinvokesdk:appinvokesdk:1.6.4] AndroidManifest.xml:17:9-19:18
41            <action android:name="android.intent.action.MAIN" />
41-->src\main\AndroidManifest.xml:52:17-69
41-->src\main\AndroidManifest.xml:52:25-66
42        </intent>
43        <intent>
43-->[com.razorpay:checkout:1.6.19] AndroidManifest.xml:12:9-18:18
44            <action android:name="android.intent.action.VIEW" />
44-->[:stripe_payment] AndroidManifest.xml:27:17-69
44-->[:stripe_payment] AndroidManifest.xml:27:25-66
45
46            <data
46-->[:file_picker] AndroidManifest.xml:13:13-44
47                android:mimeType="*/*"
47-->[:file_picker] AndroidManifest.xml:13:19-41
48                android:scheme="*" />
49        </intent>
50        <intent>
50-->[com.razorpay:checkout:1.6.19] AndroidManifest.xml:19:9-28:18
51            <action android:name="android.intent.action.VIEW" />
51-->[:stripe_payment] AndroidManifest.xml:27:17-69
51-->[:stripe_payment] AndroidManifest.xml:27:25-66
52
53            <category android:name="android.intent.category.BROWSABLE" />
53-->[:stripe_payment] AndroidManifest.xml:30:17-78
53-->[:stripe_payment] AndroidManifest.xml:30:27-75
54
55            <data
55-->[:file_picker] AndroidManifest.xml:13:13-44
56                android:host="pay"
57                android:mimeType="*/*"
57-->[:file_picker] AndroidManifest.xml:13:19-41
58                android:scheme="upi" />
59        </intent>
60        <intent>
60-->[com.razorpay:checkout:1.6.19] AndroidManifest.xml:32:9-36:18
61            <action android:name="android.intent.action.SEND" />
61-->[com.razorpay:checkout:1.6.19] AndroidManifest.xml:33:13-65
61-->[com.razorpay:checkout:1.6.19] AndroidManifest.xml:33:21-62
62
63            <data android:mimeType="*/*" />
63-->[:file_picker] AndroidManifest.xml:13:13-44
63-->[:file_picker] AndroidManifest.xml:13:19-41
64        </intent> <!-- Needs to be explicitly declared on Android R+ -->
65        <package android:name="com.google.android.apps.maps" />
65-->[com.google.android.gms:play-services-maps:18.1.0] AndroidManifest.xml:33:9-64
65-->[com.google.android.gms:play-services-maps:18.1.0] AndroidManifest.xml:33:18-61
66    </queries>
67
68    <uses-permission android:name="android.permission.ACCESS_NETWORK_STATE" /> <!-- Permissions options for the `notification` group -->
68-->[:firebase_messaging] AndroidManifest.xml:9:5-79
68-->[:firebase_messaging] AndroidManifest.xml:9:22-76
69    <uses-permission android:name="android.permission.POST_NOTIFICATIONS" />
69-->[:firebase_messaging] AndroidManifest.xml:11:5-77
69-->[:firebase_messaging] AndroidManifest.xml:11:22-74
70    <uses-permission android:name="android.permission.RECEIVE_BOOT_COMPLETED" />
70-->[:flutter_local_notifications] AndroidManifest.xml:7:5-81
70-->[:flutter_local_notifications] AndroidManifest.xml:7:22-78
71    <uses-permission android:name="android.permission.USE_FULL_SCREEN_INTENT" />
71-->[:flutter_local_notifications] AndroidManifest.xml:9:5-81
71-->[:flutter_local_notifications] AndroidManifest.xml:9:22-78
72    <uses-permission android:name="android.permission.SCHEDULE_EXACT_ALARM" />
72-->[:flutter_local_notifications] AndroidManifest.xml:10:5-79
72-->[:flutter_local_notifications] AndroidManifest.xml:10:22-76
73    <uses-permission android:name="android.permission.BLUETOOTH_CONNECT" />
73-->[:speech_to_text] AndroidManifest.xml:7:5-76
73-->[:speech_to_text] AndroidManifest.xml:7:22-73
74    <uses-permission android:name="android.permission.READ_MEDIA_IMAGES" />
74-->[:open_filex] AndroidManifest.xml:11:5-76
74-->[:open_filex] AndroidManifest.xml:11:22-73
75    <uses-permission android:name="android.permission.READ_MEDIA_VIDEO" />
75-->[:open_filex] AndroidManifest.xml:12:5-75
75-->[:open_filex] AndroidManifest.xml:12:22-72
76    <uses-permission android:name="android.permission.READ_MEDIA_AUDIO" />
76-->[:open_filex] AndroidManifest.xml:13:5-75
76-->[:open_filex] AndroidManifest.xml:13:22-72
77    <uses-permission android:name="android.permission.READ_PHONE_STATE" /> <!-- Required by older versions of Google Play services to create IID tokens -->
77-->[com.paytm.easypay:easypay-appinvoke:1.7.3] AndroidManifest.xml:10:5-75
77-->[com.paytm.easypay:easypay-appinvoke:1.7.3] AndroidManifest.xml:10:22-72
78    <uses-permission android:name="com.google.android.c2dm.permission.RECEIVE" />
78-->[com.google.firebase:firebase-messaging:23.2.1] AndroidManifest.xml:26:5-82
78-->[com.google.firebase:firebase-messaging:23.2.1] AndroidManifest.xml:26:22-79
79
80    <uses-feature
80-->[com.google.android.gms:play-services-maps:18.1.0] AndroidManifest.xml:26:5-28:35
81        android:glEsVersion="0x00020000"
81-->[com.google.android.gms:play-services-maps:18.1.0] AndroidManifest.xml:27:9-41
82        android:required="true" />
82-->[com.google.android.gms:play-services-maps:18.1.0] AndroidManifest.xml:28:9-32
83
84    <uses-permission android:name="android.permission.FOREGROUND_SERVICE" />
84-->[androidx.work:work-runtime:2.7.1] AndroidManifest.xml:28:5-77
84-->[androidx.work:work-runtime:2.7.1] AndroidManifest.xml:28:22-74
85
86    <permission
86-->[androidx.core:core:1.10.1] AndroidManifest.xml:22:5-24:47
87        android:name="com.eatop_user.DYNAMIC_RECEIVER_NOT_EXPORTED_PERMISSION"
87-->[androidx.core:core:1.10.1] AndroidManifest.xml:23:9-81
88        android:protectionLevel="signature" />
88-->[androidx.core:core:1.10.1] AndroidManifest.xml:24:9-44
89
90    <uses-permission android:name="com.eatop_user.DYNAMIC_RECEIVER_NOT_EXPORTED_PERMISSION" />
90-->[androidx.core:core:1.10.1] AndroidManifest.xml:26:5-97
90-->[androidx.core:core:1.10.1] AndroidManifest.xml:26:22-94
91
92    <application
92-->src\main\AndroidManifest.xml:18:5-78:19
93        android:appComponentFactory="androidx.core.app.CoreComponentFactory"
93-->[androidx.core:core:1.10.1] AndroidManifest.xml:28:18-86
94        android:exported="true"
94-->src\main\AndroidManifest.xml:23:9-32
95        android:icon="@mipmap/ic_launcher"
95-->src\main\AndroidManifest.xml:19:9-43
96        android:label="Eatop"
96-->src\main\AndroidManifest.xml:20:9-30
97        android:requestLegacyExternalStorage="true"
97-->src\main\AndroidManifest.xml:22:9-52
98        android:theme="@style/Theme.AppCompat.Light.NoActionBar"
98-->[:stripe_payment] AndroidManifest.xml:11:18-74
99        android:usesCleartextTraffic="true" >
99-->src\main\AndroidManifest.xml:21:9-44
100        <meta-data
100-->src\main\AndroidManifest.xml:25:9-123
101            android:name="com.google.android.geo.API_KEY"
101-->src\main\AndroidManifest.xml:25:20-65
102            android:value="AIzaSyDi_XlHtopewZHtpWWxIO-EQ7mCegHr5o0" />
102-->src\main\AndroidManifest.xml:25:66-121
103
104        <activity
104-->src\main\AndroidManifest.xml:26:9-59:20
105            android:name="com.eatop_user.MainActivity"
105-->src\main\AndroidManifest.xml:27:13-41
106            android:configChanges="orientation|keyboardHidden|keyboard|screenSize|smallestScreenSize|locale|layoutDirection|fontScale|screenLayout|density|uiMode"
106-->src\main\AndroidManifest.xml:28:13-163
107            android:exported="true"
107-->src\main\AndroidManifest.xml:32:13-36
108            android:hardwareAccelerated="true"
108-->src\main\AndroidManifest.xml:29:13-47
109            android:launchMode="singleTop"
109-->src\main\AndroidManifest.xml:30:13-43
110            android:theme="@style/LaunchTheme"
110-->src\main\AndroidManifest.xml:31:13-47
111            android:windowSoftInputMode="adjustResize" >
111-->src\main\AndroidManifest.xml:33:13-55
112
113            <!--
114                 Specifies an Android theme to apply to this Activity as soon as
115                 the Android process has started. This theme is visible to the user
116                 while the Flutter UI initializes. After that, this theme continues
117                 to determine the Window background behind the Flutter UI.
118            -->
119            <meta-data
119-->src\main\AndroidManifest.xml:39:13-41:57
120                android:name="io.flutter.embedding.android.NormalTheme"
120-->src\main\AndroidManifest.xml:40:17-72
121                android:resource="@style/NormalTheme" />
121-->src\main\AndroidManifest.xml:41:17-54
122            <!--
123                 Displays an Android View that continues showing the launch screen
124                 Drawable until Flutter paints its first frame, then this splash
125                 screen fades out. A splash screen is useful to avoid any visual
126                 gap between the end of Android's launch screen and the painting of
127                 Flutter's first frame.
128            -->
129            <!--
130                <meta-data
131                android:name="io.flutter.embedding.android.SplashScreenDrawable"
132                android:resource="@drawable/launch_background" />
133            -->
134
135            <intent-filter>
135-->src\main\AndroidManifest.xml:51:13-54:29
136                <action android:name="android.intent.action.MAIN" />
136-->src\main\AndroidManifest.xml:52:17-69
136-->src\main\AndroidManifest.xml:52:25-66
137
138                <category android:name="android.intent.category.LAUNCHER" />
138-->src\main\AndroidManifest.xml:53:17-77
138-->src\main\AndroidManifest.xml:53:27-74
139            </intent-filter>
140            <intent-filter>
140-->src\main\AndroidManifest.xml:55:13-58:29
141                <action android:name="FLUTTER_NOTIFICATION_CLICK" />
141-->src\main\AndroidManifest.xml:56:17-69
141-->src\main\AndroidManifest.xml:56:25-66
142
143                <category android:name="android.intent.category.DEFAULT" />
143-->src\main\AndroidManifest.xml:57:17-76
143-->src\main\AndroidManifest.xml:57:27-73
144            </intent-filter>
145        </activity>
146        <activity
146-->src\main\AndroidManifest.xml:60:9-117
147            android:name="com.stripe.android.payments.StripeBrowserLauncherActivity"
147-->src\main\AndroidManifest.xml:60:19-91
148            android:exported="true"
148-->src\main\AndroidManifest.xml:60:92-115
149            android:launchMode="singleTop"
149-->[com.stripe:payments-core:16.10.0] AndroidManifest.xml:40:13-43
150            android:theme="@style/StripeTransparentTheme" >
150-->[com.stripe:payments-core:16.10.0] AndroidManifest.xml:41:13-58
151            <intent-filter>
151-->[com.stripe:payments-core:16.10.0] AndroidManifest.xml:42:13-53:29
152                <action android:name="android.intent.action.VIEW" />
152-->[:stripe_payment] AndroidManifest.xml:27:17-69
152-->[:stripe_payment] AndroidManifest.xml:27:25-66
153
154                <category android:name="android.intent.category.DEFAULT" />
154-->src\main\AndroidManifest.xml:57:17-76
154-->src\main\AndroidManifest.xml:57:27-73
155                <category android:name="android.intent.category.BROWSABLE" />
155-->[:stripe_payment] AndroidManifest.xml:30:17-78
155-->[:stripe_payment] AndroidManifest.xml:30:27-75
156
157                <!-- Must match `DefaultReturnUrl#value`. -->
158                <data
158-->[:file_picker] AndroidManifest.xml:13:13-44
159                    android:host="payment_return_url"
160                    android:path="/com.eatop_user"
161                    android:scheme="stripesdk" />
162            </intent-filter>
163        </activity>
164        <activity android:name="com.avinash.gotluru.cc_avenue.Framework.WebViewActivity" />
164-->src\main\AndroidManifest.xml:61:9-92
164-->src\main\AndroidManifest.xml:61:19-89
165
166        <service
166-->src\main\AndroidManifest.xml:62:9-65:43
167            android:name="com.dexterous.flutterlocalnotifications.ForegroundService"
167-->src\main\AndroidManifest.xml:63:13-85
168            android:exported="false"
168-->src\main\AndroidManifest.xml:64:13-37
169            android:stopWithTask="false" />
169-->src\main\AndroidManifest.xml:65:13-41
170
171        <meta-data
171-->src\main\AndroidManifest.xml:67:9-69:59
172            android:name="com.google.firebase.messaging.default_notification_channel_id"
172-->src\main\AndroidManifest.xml:68:13-89
173            android:value="default_notification_channel" />
173-->src\main\AndroidManifest.xml:69:13-57
174        <meta-data
174-->src\main\AndroidManifest.xml:70:9-72:56
175            android:name="com.google.firebase.messaging.default_notification_icon"
175-->src\main\AndroidManifest.xml:71:13-83
176            android:resource="@drawable/ic_launcher" />
176-->src\main\AndroidManifest.xml:72:13-53
177        <!--
178             Don't delete the meta-data below.
179             This is used by the Flutter tool to generate GeneratedPluginRegistrant.java
180        -->
181        <meta-data
181-->src\main\AndroidManifest.xml:75:9-77:33
182            android:name="flutterEmbedding"
182-->src\main\AndroidManifest.xml:76:13-44
183            android:value="2" />
183-->src\main\AndroidManifest.xml:77:13-30
184
185        <service
185-->[:firebase_database] AndroidManifest.xml:8:9-12:19
186            android:name="com.google.firebase.components.ComponentDiscoveryService"
186-->[:firebase_database] AndroidManifest.xml:8:18-89
187            android:directBootAware="true"
187-->[com.google.firebase:firebase-common:20.3.3] AndroidManifest.xml:34:13-43
188            android:exported="false" >
188-->[com.google.firebase:firebase-auth:22.1.2] AndroidManifest.xml:68:13-37
189            <meta-data
189-->[:firebase_database] AndroidManifest.xml:9:13-11:85
190                android:name="com.google.firebase.components:io.flutter.plugins.firebase.database.FlutterFirebaseAppRegistrar"
190-->[:firebase_database] AndroidManifest.xml:10:17-127
191                android:value="com.google.firebase.components.ComponentRegistrar" />
191-->[:firebase_database] AndroidManifest.xml:11:17-82
192            <meta-data
192-->[:firebase_messaging] AndroidManifest.xml:36:13-38:85
193                android:name="com.google.firebase.components:io.flutter.plugins.firebase.messaging.FlutterFirebaseAppRegistrar"
193-->[:firebase_messaging] AndroidManifest.xml:37:17-128
194                android:value="com.google.firebase.components.ComponentRegistrar" />
194-->[:firebase_messaging] AndroidManifest.xml:38:17-82
195            <meta-data
195-->[:firebase_dynamic_links] AndroidManifest.xml:11:13-13:85
196                android:name="com.google.firebase.components:io.flutter.plugins.firebase.dynamiclinks.FlutterFirebaseAppRegistrar"
196-->[:firebase_dynamic_links] AndroidManifest.xml:12:17-131
197                android:value="com.google.firebase.components.ComponentRegistrar" />
197-->[:firebase_dynamic_links] AndroidManifest.xml:13:17-82
198            <meta-data
198-->[:firebase_auth] AndroidManifest.xml:9:13-11:85
199                android:name="com.google.firebase.components:io.flutter.plugins.firebase.auth.FlutterFirebaseAuthRegistrar"
199-->[:firebase_auth] AndroidManifest.xml:10:17-124
200                android:value="com.google.firebase.components.ComponentRegistrar" />
200-->[:firebase_auth] AndroidManifest.xml:11:17-82
201            <meta-data
201-->[:firebase_core] AndroidManifest.xml:9:13-11:85
202                android:name="com.google.firebase.components:io.flutter.plugins.firebase.core.FlutterFirebaseCoreRegistrar"
202-->[:firebase_core] AndroidManifest.xml:10:17-124
203                android:value="com.google.firebase.components.ComponentRegistrar" />
203-->[:firebase_core] AndroidManifest.xml:11:17-82
204            <meta-data
204-->[com.google.firebase:firebase-auth:22.1.2] AndroidManifest.xml:69:13-71:85
205                android:name="com.google.firebase.components:com.google.firebase.auth.FirebaseAuthRegistrar"
205-->[com.google.firebase:firebase-auth:22.1.2] AndroidManifest.xml:70:17-109
206                android:value="com.google.firebase.components.ComponentRegistrar" />
206-->[com.google.firebase:firebase-auth:22.1.2] AndroidManifest.xml:71:17-82
207            <meta-data
207-->[com.google.firebase:firebase-database:20.2.2] AndroidManifest.xml:31:13-33:85
208                android:name="com.google.firebase.components:com.google.firebase.database.DatabaseRegistrar"
208-->[com.google.firebase:firebase-database:20.2.2] AndroidManifest.xml:32:17-109
209                android:value="com.google.firebase.components.ComponentRegistrar" />
209-->[com.google.firebase:firebase-database:20.2.2] AndroidManifest.xml:33:17-82
210            <meta-data
210-->[com.google.firebase:firebase-messaging:23.2.1] AndroidManifest.xml:53:13-55:85
211                android:name="com.google.firebase.components:com.google.firebase.messaging.FirebaseMessagingRegistrar"
211-->[com.google.firebase:firebase-messaging:23.2.1] AndroidManifest.xml:54:17-119
212                android:value="com.google.firebase.components.ComponentRegistrar" />
212-->[com.google.firebase:firebase-messaging:23.2.1] AndroidManifest.xml:55:17-82
213            <meta-data
213-->[com.google.firebase:firebase-dynamic-links:21.1.0] AndroidManifest.xml:26:13-28:85
214                android:name="com.google.firebase.components:com.google.firebase.dynamiclinks.internal.FirebaseDynamicLinkRegistrar"
214-->[com.google.firebase:firebase-dynamic-links:21.1.0] AndroidManifest.xml:27:17-133
215                android:value="com.google.firebase.components.ComponentRegistrar" />
215-->[com.google.firebase:firebase-dynamic-links:21.1.0] AndroidManifest.xml:28:17-82
216            <meta-data
216-->[com.google.firebase:firebase-datatransport:18.1.7] AndroidManifest.xml:27:13-29:85
217                android:name="com.google.firebase.components:com.google.firebase.datatransport.TransportRegistrar"
217-->[com.google.firebase:firebase-datatransport:18.1.7] AndroidManifest.xml:28:17-115
218                android:value="com.google.firebase.components.ComponentRegistrar" />
218-->[com.google.firebase:firebase-datatransport:18.1.7] AndroidManifest.xml:29:17-82
219            <meta-data
219-->[com.google.firebase:firebase-iid:21.1.0] AndroidManifest.xml:32:13-34:85
220                android:name="com.google.firebase.components:com.google.firebase.iid.Registrar"
220-->[com.google.firebase:firebase-iid:21.1.0] AndroidManifest.xml:33:17-96
221                android:value="com.google.firebase.components.ComponentRegistrar" />
221-->[com.google.firebase:firebase-iid:21.1.0] AndroidManifest.xml:34:17-82
222            <meta-data
222-->[com.google.firebase:firebase-installations:17.1.4] AndroidManifest.xml:15:13-17:85
223                android:name="com.google.firebase.components:com.google.firebase.installations.FirebaseInstallationsRegistrar"
223-->[com.google.firebase:firebase-installations:17.1.4] AndroidManifest.xml:16:17-127
224                android:value="com.google.firebase.components.ComponentRegistrar" />
224-->[com.google.firebase:firebase-installations:17.1.4] AndroidManifest.xml:17:17-82
225        </service>
226        <service
226-->[:firebase_messaging] AndroidManifest.xml:14:9-17:72
227            android:name="io.flutter.plugins.firebase.messaging.FlutterFirebaseMessagingBackgroundService"
227-->[:firebase_messaging] AndroidManifest.xml:15:13-107
228            android:exported="false"
228-->[:firebase_messaging] AndroidManifest.xml:16:13-37
229            android:permission="android.permission.BIND_JOB_SERVICE" />
229-->[:firebase_messaging] AndroidManifest.xml:17:13-69
230        <service
230-->[:firebase_messaging] AndroidManifest.xml:18:9-24:19
231            android:name="io.flutter.plugins.firebase.messaging.FlutterFirebaseMessagingService"
231-->[:firebase_messaging] AndroidManifest.xml:19:13-97
232            android:exported="false" >
232-->[:firebase_messaging] AndroidManifest.xml:20:13-37
233            <intent-filter>
233-->[:firebase_messaging] AndroidManifest.xml:21:13-23:29
234                <action android:name="com.google.firebase.MESSAGING_EVENT" />
234-->[:firebase_messaging] AndroidManifest.xml:22:17-78
234-->[:firebase_messaging] AndroidManifest.xml:22:25-75
235            </intent-filter>
236        </service>
237
238        <receiver
238-->[:firebase_messaging] AndroidManifest.xml:26:9-33:20
239            android:name="io.flutter.plugins.firebase.messaging.FlutterFirebaseMessagingReceiver"
239-->[:firebase_messaging] AndroidManifest.xml:27:13-98
240            android:exported="true"
240-->[:firebase_messaging] AndroidManifest.xml:28:13-36
241            android:permission="com.google.android.c2dm.permission.SEND" >
241-->[:firebase_messaging] AndroidManifest.xml:29:13-73
242            <intent-filter>
242-->[:firebase_messaging] AndroidManifest.xml:30:13-32:29
243                <action android:name="com.google.android.c2dm.intent.RECEIVE" />
243-->[:firebase_messaging] AndroidManifest.xml:31:17-81
243-->[:firebase_messaging] AndroidManifest.xml:31:25-78
244            </intent-filter>
245        </receiver>
246
247        <provider
247-->[:firebase_messaging] AndroidManifest.xml:41:9-45:38
248            android:name="io.flutter.plugins.firebase.messaging.FlutterFirebaseMessagingInitProvider"
248-->[:firebase_messaging] AndroidManifest.xml:42:13-102
249            android:authorities="com.eatop_user.flutterfirebasemessaginginitprovider"
249-->[:firebase_messaging] AndroidManifest.xml:43:13-88
250            android:exported="false"
250-->[:firebase_messaging] AndroidManifest.xml:44:13-37
251            android:initOrder="99" />
251-->[:firebase_messaging] AndroidManifest.xml:45:13-35
252
253        <service
253-->[:geolocator_android] AndroidManifest.xml:8:9-12:56
254            android:name="com.baseflow.geolocator.GeolocatorLocationService"
254-->[:geolocator_android] AndroidManifest.xml:9:13-77
255            android:enabled="true"
255-->[:geolocator_android] AndroidManifest.xml:10:13-35
256            android:exported="false"
256-->[:geolocator_android] AndroidManifest.xml:11:13-37
257            android:foregroundServiceType="location" />
257-->[:geolocator_android] AndroidManifest.xml:12:13-53
258
259        <receiver
259-->[:flutter_local_notifications] AndroidManifest.xml:14:9-16:40
260            android:name="com.dexterous.flutterlocalnotifications.ScheduledNotificationReceiver"
260-->[:flutter_local_notifications] AndroidManifest.xml:15:13-97
261            android:exported="false" />
261-->[:flutter_local_notifications] AndroidManifest.xml:16:13-37
262        <receiver
262-->[:flutter_local_notifications] AndroidManifest.xml:17:9-26:20
263            android:name="com.dexterous.flutterlocalnotifications.ScheduledNotificationBootReceiver"
263-->[:flutter_local_notifications] AndroidManifest.xml:18:13-101
264            android:exported="false" >
264-->[:flutter_local_notifications] AndroidManifest.xml:19:13-37
265            <intent-filter>
265-->[:flutter_local_notifications] AndroidManifest.xml:20:13-25:29
266                <action android:name="android.intent.action.BOOT_COMPLETED" />
266-->[:flutter_local_notifications] AndroidManifest.xml:21:17-79
266-->[:flutter_local_notifications] AndroidManifest.xml:21:25-76
267                <action android:name="android.intent.action.MY_PACKAGE_REPLACED" />
267-->[:flutter_local_notifications] AndroidManifest.xml:22:17-84
267-->[:flutter_local_notifications] AndroidManifest.xml:22:25-81
268                <action android:name="android.intent.action.QUICKBOOT_POWERON" />
268-->[:flutter_local_notifications] AndroidManifest.xml:23:17-82
268-->[:flutter_local_notifications] AndroidManifest.xml:23:25-79
269                <action android:name="com.htc.intent.action.QUICKBOOT_POWERON" />
269-->[:flutter_local_notifications] AndroidManifest.xml:24:17-82
269-->[:flutter_local_notifications] AndroidManifest.xml:24:25-79
270            </intent-filter>
271        </receiver>
272
273        <activity
273-->[:flutter_inappwebview] AndroidManifest.xml:14:9-18:47
274            android:name="com.pichillilorenzo.flutter_inappwebview.in_app_browser.InAppBrowserActivity"
274-->[:flutter_inappwebview] AndroidManifest.xml:15:13-104
275            android:configChanges="orientation|keyboardHidden|keyboard|screenSize|locale|layoutDirection|fontScale|screenLayout|density"
275-->[:flutter_inappwebview] AndroidManifest.xml:16:13-137
276            android:exported="false"
276-->[:flutter_inappwebview] AndroidManifest.xml:17:13-37
277            android:theme="@style/AppTheme" />
277-->[:flutter_inappwebview] AndroidManifest.xml:18:13-44
278        <activity
278-->[:flutter_inappwebview] AndroidManifest.xml:19:9-22:55
279            android:name="com.pichillilorenzo.flutter_inappwebview.chrome_custom_tabs.ChromeCustomTabsActivity"
279-->[:flutter_inappwebview] AndroidManifest.xml:20:13-112
280            android:exported="false"
280-->[:flutter_inappwebview] AndroidManifest.xml:21:13-37
281            android:theme="@style/ThemeTransparent" />
281-->[:flutter_inappwebview] AndroidManifest.xml:22:13-52
282        <activity
282-->[:flutter_inappwebview] AndroidManifest.xml:23:9-26:55
283            android:name="com.pichillilorenzo.flutter_inappwebview.chrome_custom_tabs.TrustedWebActivity"
283-->[:flutter_inappwebview] AndroidManifest.xml:24:13-106
284            android:exported="false"
284-->[:flutter_inappwebview] AndroidManifest.xml:25:13-37
285            android:theme="@style/ThemeTransparent" />
285-->[:flutter_inappwebview] AndroidManifest.xml:26:13-52
286        <activity
286-->[:flutter_inappwebview] AndroidManifest.xml:27:9-31:55
287            android:name="com.pichillilorenzo.flutter_inappwebview.chrome_custom_tabs.ChromeCustomTabsActivitySingleInstance"
287-->[:flutter_inappwebview] AndroidManifest.xml:28:13-126
288            android:exported="false"
288-->[:flutter_inappwebview] AndroidManifest.xml:29:13-37
289            android:launchMode="singleInstance"
289-->[:flutter_inappwebview] AndroidManifest.xml:30:13-48
290            android:theme="@style/ThemeTransparent" />
290-->[:flutter_inappwebview] AndroidManifest.xml:31:13-52
291        <activity
291-->[:flutter_inappwebview] AndroidManifest.xml:32:9-36:55
292            android:name="com.pichillilorenzo.flutter_inappwebview.chrome_custom_tabs.TrustedWebActivitySingleInstance"
292-->[:flutter_inappwebview] AndroidManifest.xml:33:13-120
293            android:exported="false"
293-->[:flutter_inappwebview] AndroidManifest.xml:34:13-37
294            android:launchMode="singleInstance"
294-->[:flutter_inappwebview] AndroidManifest.xml:35:13-48
295            android:theme="@style/ThemeTransparent" />
295-->[:flutter_inappwebview] AndroidManifest.xml:36:13-52
296
297        <receiver